2025-04-13T12:57:58.148Z [ERROR]: Sheetga yozishda xato: You must call `doc.loadInfo()` before accessing this property
2025-04-13T12:57:58.151Z [ERROR]: Sheetga yozishda xato: You must call `doc.loadInfo()` before accessing this property
2025-04-13T12:57:58.152Z [ERROR]: Sheetga yozishda xato: You must call `doc.loadInfo()` before accessing this property
2025-04-13T12:57:58.152Z [ERROR]: Video qayta ishlashda xato: You must call `doc.loadInfo()` before accessing this property
2025-04-13T12:57:58.153Z [ERROR]: Video qayta ishlashda xato: You must call `doc.loadInfo()` before accessing this property
2025-04-13T12:57:58.153Z [ERROR]: Video qayta ishlashda xato: You must call `doc.loadInfo()` before accessing this property
2025-04-13T12:57:58.698Z [INFO]: Google Sheets muvaffaqiyatli ulandi
2025-04-13T12:57:58.701Z [INFO]: Server 3000-portda ishga tushdi
2025-04-13T12:57:58.701Z [INFO]: Webhook manzil: https://your-bot.onrender.com/webhook
2025-04-13T13:06:06.651Z [INFO]: Google Sheets muvaffaqiyatli ulandi
2025-04-13T13:06:06.658Z [INFO]: Server 3000-portda ishga tushdi
2025-04-13T13:06:06.658Z [INFO]: Webhook manzil: https://your-bot.onrender.com/webhook
2025-04-13T15:23:34.004Z [INFO]: Google Sheets muvaffaqiyatli ulandi
2025-04-13T15:23:34.010Z [INFO]: Server 3000-portda ishga tushdi
2025-04-13T15:23:34.010Z [INFO]: Webhook manzil: https://your-bot.onrender.com/webhook
2025-04-13T15:23:44.491Z [INFO]: Sheetga yozildi: AgADL28AAt1A4Es
2025-04-13T15:27:58.790Z [INFO]: Google Sheets muvaffaqiyatli ulandi
2025-04-13T15:27:58.795Z [INFO]: Server 3000-portda ishga tushdi
2025-04-13T15:27:58.796Z [INFO]: Webhook manzil: https://your-bot.onrender.com/webhook
2025-04-13T15:29:00.656Z [INFO]: Sheetga yozildi: AgADEHcAAs452Es
2025-04-13T15:30:59.601Z [INFO]: Sheetga yozildi: AgADEHcAAs452Es
2025-04-13T15:34:14.407Z [INFO]: Google Sheets muvaffaqiyatli ulandi
2025-04-13T15:34:14.412Z [INFO]: Server 3000-portda ishga tushdi
2025-04-13T15:34:14.412Z [INFO]: Webhook manzil: https://your-bot.onrender.com/webhook
2025-04-13T15:34:14.904Z [INFO]: Google Sheets muvaffaqiyatli ulandi
2025-04-13T15:40:34.422Z [INFO]: Google Sheets muvaffaqiyatli ulandi
2025-04-13T15:40:34.429Z [INFO]: Server 3000-portda ishga tushdi
2025-04-13T15:40:34.429Z [INFO]: Webhook manzil: https://your-bot.onrender.com/webhook
2025-04-13T15:40:44.338Z [INFO]: Sheetga yozildi: AgADL28AAt1A4Es
2025-04-13T15:41:46.808Z [INFO]: Sheetga yozildi: AgADEHcAAs452Es
2025-04-13T15:55:25.585Z [INFO]: Google Sheets muvaffaqiyatli ulandi
2025-04-13T15:55:25.591Z [INFO]: Server 3000-portda ishga tushdi
2025-04-13T15:55:25.592Z [INFO]: Webhook manzil: https://loyiham-telegram-bot.onrender.com/webhook
{"level":"info","message":"Google Sheets muvaffaqiyatli ulandi: \"Videolar\"","timestamp":"2025-04-13 21:01:50"}
{"level":"info","message":"Google Sheets muvaffaqiyatli ulandi: \"Videolar\"","timestamp":"2025-04-13 21:12:11"}
{"level":"info","message":"Google Sheets muvaffaqiyatli ulandi: \"Videolar\"","timestamp":"2025-04-13 21:12:57"}
{"level":"info","message":"Google Sheets muvaffaqiyatli ulandi: \"Videolar\"","timestamp":"2025-04-13 21:13:09"}
{"level":"info","message":"Google Sheets muvaffaqiyatli ulandi: \"Videolar\"","timestamp":"2025-04-13 21:14:19"}
{"level":"info","message":"Server 3100-portda ishga tushdi","timestamp":"2025-04-13 21:14:19"}
{"level":"info","message":"Webhook manzil: https://loyiham-telegram-bot.onrender.com/webhook","timestamp":"2025-04-13 21:14:19"}
{"level":"info","message":"Google Sheets muvaffaqiyatli ulandi: \"Videolar\"","timestamp":"2025-04-13 21:20:09"}
{"level":"info","message":"Google Sheets muvaffaqiyatli ulandi: \"Videolar\"","timestamp":"2025-04-13 21:21:42"}
{"level":"info","message":"Server 3100-portda ishga tushdi","timestamp":"2025-04-13 21:21:42"}
{"level":"info","message":"Webhook manzil: https://loyiham-telegram-bot.onrender.com/webhook","timestamp":"2025-04-13 21:21:42"}
